[2017-07-15 06:38:35] local.ERROR: exception 'PDOException' with message 'SQLSTATE[HY000] [1045] Access denied for user 'homestead'@'localhost' (using password: YES)' in /home/ubuntu/workspace/cms/vendor/laravel/framework/src/Illuminate/Database/Connectors/Connector.php:55
Stack trace:
#0 /home/ubuntu/workspace/cms/vendor/laravel/framework/src/Illuminate/Database/Connectors/Connector.php(55): PDO->__construct('mysql:host=127....', 'homestead', 'secret', Array)
#1 /home/ubuntu/workspace/cms/vendor/laravel/framework/src/Illuminate/Database/Connectors/MySqlConnector.php(24): Illuminate\Database\Connectors\Connector->createConnection('mysql:host=127....', Array, Array)
#2 /home/ubuntu/workspace/cms/vendor/laravel/framework/src/Illuminate/Database/Connectors/ConnectionFactory.php(61): Illuminate\Database\Connectors\MySqlConnector->connect(Array)
#3 [internal function]: Illuminate\Database\Connectors\ConnectionFactory->Illuminate\Database\Connectors\{closure}()
#4 /home/ubuntu/workspace/cms/vendor/laravel/framework/src/Illuminate/Database/Connection.php(924): call_user_func(Object(Closure))
#5 /home/ubuntu/workspace/cms/vendor/laravel/framework/src/Illuminate/Database/Connection.php(792): Illuminate\Database\Connection->getPdo()
#6 /home/ubuntu/workspace/cms/vendor/laravel/framework/src/Illuminate/Database/Connection.php(677): Illuminate\Database\Connection->reconnectIfMissingConnection()
#7 /home/ubuntu/workspace/cms/vendor/laravel/framework/src/Illuminate/Database/Connection.php(349): Illuminate\Database\Connection->run('select * from i...', Array, Object(Closure))
#8 /home/ubuntu/workspace/cms/vendor/laravel/framework/src/Illuminate/Database/Schema/MySqlBuilder.php(21): Illuminate\Database\Connection->select('select * from i...', Array)
#9 /home/ubuntu/workspace/cms/vendor/laravel/framework/src/Illuminate/Database/Migrations/DatabaseMigrationRepository.php(141): Illuminate\Database\Schema\MySqlBuilder->hasTable('migrations')
#10 /home/ubuntu/workspace/cms/vendor/laravel/framework/src/Illuminate/Database/Migrations/Migrator.php(404): Illuminate\Database\Migrations\DatabaseMigrationRepository->repositoryExists()
#11 /home/ubuntu/workspace/cms/vendor/laravel/framework/src/Illuminate/Database/Console/Migrations/MigrateCommand.php(103): Illuminate\Database\Migrations\Migrator->repositoryExists()
#12 /home/ubuntu/workspace/cms/vendor/laravel/framework/src/Illuminate/Database/Console/Migrations/MigrateCommand.php(58): Illuminate\Database\Console\Migrations\MigrateCommand->prepareDatabase()
#13 [internal function]: Illuminate\Database\Console\Migrations\MigrateCommand->fire()
#14 /home/ubuntu/workspace/cms/vendor/laravel/framework/src/Illuminate/Container/Container.php(507): call_user_func_array(Array, Array)
#15 /home/ubuntu/workspace/cms/vendor/laravel/framework/src/Illuminate/Console/Command.php(169): Illuminate\Container\Container->call(Array)
#16 /home/ubuntu/workspace/cms/vendor/symfony/console/Command/Command.php(256): Illuminate\Console\Command->execute(Object(Symfony\Component\Console\Input\ArgvInput), Object(Symfony\Component\Console\Output\ConsoleOutput))
#17 /home/ubuntu/workspace/cms/vendor/laravel/framework/src/Illuminate/Console/Command.php(155): Symfony\Component\Console\Command\Command->run(Object(Symfony\Component\Console\Input\ArgvInput), Object(Symfony\Component\Console\Output\ConsoleOutput))
#18 /home/ubuntu/workspace/cms/vendor/symfony/console/Application.php(794): Illuminate\Console\Command->run(Object(Symfony\Component\Console\Input\ArgvInput), Object(Symfony\Component\Console\Output\ConsoleOutput))
#19 /home/ubuntu/workspace/cms/vendor/symfony/console/Application.php(186): Symfony\Component\Console\Application->doRunCommand(Object(Illuminate\Database\Console\Migrations\MigrateCommand), Object(Symfony\Component\Console\Input\ArgvInput), Object(Symfony\Component\Console\Output\ConsoleOutput))
#20 /home/ubuntu/workspace/cms/vendor/symfony/console/Application.php(117): Symfony\Component\Console\Application->doRun(Object(Symfony\Component\Console\Input\ArgvInput), Object(Symfony\Component\Console\Output\ConsoleOutput))
#21 /home/ubuntu/workspace/cms/vendor/laravel/framework/src/Illuminate/Foundation/Console/Kernel.php(107): Symfony\Component\Console\Application->run(Object(Symfony\Component\Console\Input\ArgvInput), Object(Symfony\Component\Console\Output\ConsoleOutput))
#22 /home/ubuntu/workspace/cms/artisan(36): Illuminate\Foundation\Console\Kernel->handle(Object(Symfony\Component\Console\Input\ArgvInput), Object(Symfony\Component\Console\Output\ConsoleOutput))
#23 {main}  
[2017-07-15 06:40:04] local.ERROR: exception 'PDOException' with message 'SQLSTATE[HY000] [1045] Access denied for user 'homestead'@'localhost' (using password: YES)' in /home/ubuntu/workspace/cms/vendor/laravel/framework/src/Illuminate/Database/Connectors/Connector.php:55
Stack trace:
#0 /home/ubuntu/workspace/cms/vendor/laravel/framework/src/Illuminate/Database/Connectors/Connector.php(55): PDO->__construct('mysql:host=127....', 'homestead', 'secret', Array)
#1 /home/ubuntu/workspace/cms/vendor/laravel/framework/src/Illuminate/Database/Connectors/MySqlConnector.php(24): Illuminate\Database\Connectors\Connector->createConnection('mysql:host=127....', Array, Array)
#2 /home/ubuntu/workspace/cms/vendor/laravel/framework/src/Illuminate/Database/Connectors/ConnectionFactory.php(61): Illuminate\Database\Connectors\MySqlConnector->connect(Array)
#3 [internal function]: Illuminate\Database\Connectors\ConnectionFactory->Illuminate\Database\Connectors\{closure}()
#4 /home/ubuntu/workspace/cms/vendor/laravel/framework/src/Illuminate/Database/Connection.php(924): call_user_func(Object(Closure))
#5 /home/ubuntu/workspace/cms/vendor/laravel/framework/src/Illuminate/Database/Connection.php(792): Illuminate\Database\Connection->getPdo()
#6 /home/ubuntu/workspace/cms/vendor/laravel/framework/src/Illuminate/Database/Connection.php(677): Illuminate\Database\Connection->reconnectIfMissingConnection()
#7 /home/ubuntu/workspace/cms/vendor/laravel/framework/src/Illuminate/Database/Connection.php(349): Illuminate\Database\Connection->run('select * from i...', Array, Object(Closure))
#8 /home/ubuntu/workspace/cms/vendor/laravel/framework/src/Illuminate/Database/Schema/MySqlBuilder.php(21): Illuminate\Database\Connection->select('select * from i...', Array)
#9 /home/ubuntu/workspace/cms/vendor/laravel/framework/src/Illuminate/Database/Migrations/DatabaseMigrationRepository.php(141): Illuminate\Database\Schema\MySqlBuilder->hasTable('migrations')
#10 /home/ubuntu/workspace/cms/vendor/laravel/framework/src/Illuminate/Database/Migrations/Migrator.php(404): Illuminate\Database\Migrations\DatabaseMigrationRepository->repositoryExists()
#11 /home/ubuntu/workspace/cms/vendor/laravel/framework/src/Illuminate/Database/Console/Migrations/MigrateCommand.php(103): Illuminate\Database\Migrations\Migrator->repositoryExists()
#12 /home/ubuntu/workspace/cms/vendor/laravel/framework/src/Illuminate/Database/Console/Migrations/MigrateCommand.php(58): Illuminate\Database\Console\Migrations\MigrateCommand->prepareDatabase()
#13 [internal function]: Illuminate\Database\Console\Migrations\MigrateCommand->fire()
#14 /home/ubuntu/workspace/cms/vendor/laravel/framework/src/Illuminate/Container/Container.php(507): call_user_func_array(Array, Array)
#15 /home/ubuntu/workspace/cms/vendor/laravel/framework/src/Illuminate/Console/Command.php(169): Illuminate\Container\Container->call(Array)
#16 /home/ubuntu/workspace/cms/vendor/symfony/console/Command/Command.php(256): Illuminate\Console\Command->execute(Object(Symfony\Component\Console\Input\ArgvInput), Object(Symfony\Component\Console\Output\ConsoleOutput))
#17 /home/ubuntu/workspace/cms/vendor/laravel/framework/src/Illuminate/Console/Command.php(155): Symfony\Component\Console\Command\Command->run(Object(Symfony\Component\Console\Input\ArgvInput), Object(Symfony\Component\Console\Output\ConsoleOutput))
#18 /home/ubuntu/workspace/cms/vendor/symfony/console/Application.php(794): Illuminate\Console\Command->run(Object(Symfony\Component\Console\Input\ArgvInput), Object(Symfony\Component\Console\Output\ConsoleOutput))
#19 /home/ubuntu/workspace/cms/vendor/symfony/console/Application.php(186): Symfony\Component\Console\Application->doRunCommand(Object(Illuminate\Database\Console\Migrations\MigrateCommand), Object(Symfony\Component\Console\Input\ArgvInput), Object(Symfony\Component\Console\Output\ConsoleOutput))
#20 /home/ubuntu/workspace/cms/vendor/symfony/console/Application.php(117): Symfony\Component\Console\Application->doRun(Object(Symfony\Component\Console\Input\ArgvInput), Object(Symfony\Component\Console\Output\ConsoleOutput))
#21 /home/ubuntu/workspace/cms/vendor/laravel/framework/src/Illuminate/Foundation/Console/Kernel.php(107): Symfony\Component\Console\Application->run(Object(Symfony\Component\Console\Input\ArgvInput), Object(Symfony\Component\Console\Output\ConsoleOutput))
#22 /home/ubuntu/workspace/cms/artisan(36): Illuminate\Foundation\Console\Kernel->handle(Object(Symfony\Component\Console\Input\ArgvInput), Object(Symfony\Component\Console\Output\ConsoleOutput))
#23 {main}  
[2017-07-15 06:40:16] local.ERROR: exception 'PDOException' with message 'SQLSTATE[HY000] [1045] Access denied for user 'homestead'@'localhost' (using password: YES)' in /home/ubuntu/workspace/cms/vendor/laravel/framework/src/Illuminate/Database/Connectors/Connector.php:55
Stack trace:
#0 /home/ubuntu/workspace/cms/vendor/laravel/framework/src/Illuminate/Database/Connectors/Connector.php(55): PDO->__construct('mysql:host=127....', 'homestead', 'secret', Array)
#1 /home/ubuntu/workspace/cms/vendor/laravel/framework/src/Illuminate/Database/Connectors/MySqlConnector.php(24): Illuminate\Database\Connectors\Connector->createConnection('mysql:host=127....', Array, Array)
#2 /home/ubuntu/workspace/cms/vendor/laravel/framework/src/Illuminate/Database/Connectors/ConnectionFactory.php(61): Illuminate\Database\Connectors\MySqlConnector->connect(Array)
#3 [internal function]: Illuminate\Database\Connectors\ConnectionFactory->Illuminate\Database\Connectors\{closure}()
#4 /home/ubuntu/workspace/cms/vendor/laravel/framework/src/Illuminate/Database/Connection.php(924): call_user_func(Object(Closure))
#5 /home/ubuntu/workspace/cms/vendor/laravel/framework/src/Illuminate/Database/Connection.php(792): Illuminate\Database\Connection->getPdo()
#6 /home/ubuntu/workspace/cms/vendor/laravel/framework/src/Illuminate/Database/Connection.php(677): Illuminate\Database\Connection->reconnectIfMissingConnection()
#7 /home/ubuntu/workspace/cms/vendor/laravel/framework/src/Illuminate/Database/Connection.php(349): Illuminate\Database\Connection->run('select * from i...', Array, Object(Closure))
#8 /home/ubuntu/workspace/cms/vendor/laravel/framework/src/Illuminate/Database/Schema/MySqlBuilder.php(21): Illuminate\Database\Connection->select('select * from i...', Array)
#9 /home/ubuntu/workspace/cms/vendor/laravel/framework/src/Illuminate/Database/Migrations/DatabaseMigrationRepository.php(141): Illuminate\Database\Schema\MySqlBuilder->hasTable('migrations')
#10 /home/ubuntu/workspace/cms/vendor/laravel/framework/src/Illuminate/Database/Migrations/Migrator.php(404): Illuminate\Database\Migrations\DatabaseMigrationRepository->repositoryExists()
#11 /home/ubuntu/workspace/cms/vendor/laravel/framework/src/Illuminate/Database/Console/Migrations/MigrateCommand.php(103): Illuminate\Database\Migrations\Migrator->repositoryExists()
#12 /home/ubuntu/workspace/cms/vendor/laravel/framework/src/Illuminate/Database/Console/Migrations/MigrateCommand.php(58): Illuminate\Database\Console\Migrations\MigrateCommand->prepareDatabase()
#13 [internal function]: Illuminate\Database\Console\Migrations\MigrateCommand->fire()
#14 /home/ubuntu/workspace/cms/vendor/laravel/framework/src/Illuminate/Container/Container.php(507): call_user_func_array(Array, Array)
#15 /home/ubuntu/workspace/cms/vendor/laravel/framework/src/Illuminate/Console/Command.php(169): Illuminate\Container\Container->call(Array)
#16 /home/ubuntu/workspace/cms/vendor/symfony/console/Command/Command.php(256): Illuminate\Console\Command->execute(Object(Symfony\Component\Console\Input\ArgvInput), Object(Symfony\Component\Console\Output\ConsoleOutput))
#17 /home/ubuntu/workspace/cms/vendor/laravel/framework/src/Illuminate/Console/Command.php(155): Symfony\Component\Console\Command\Command->run(Object(Symfony\Component\Console\Input\ArgvInput), Object(Symfony\Component\Console\Output\ConsoleOutput))
#18 /home/ubuntu/workspace/cms/vendor/symfony/console/Application.php(794): Illuminate\Console\Command->run(Object(Symfony\Component\Console\Input\ArgvInput), Object(Symfony\Component\Console\Output\ConsoleOutput))
#19 /home/ubuntu/workspace/cms/vendor/symfony/console/Application.php(186): Symfony\Component\Console\Application->doRunCommand(Object(Illuminate\Database\Console\Migrations\MigrateCommand), Object(Symfony\Component\Console\Input\ArgvInput), Object(Symfony\Component\Console\Output\ConsoleOutput))
#20 /home/ubuntu/workspace/cms/vendor/symfony/console/Application.php(117): Symfony\Component\Console\Application->doRun(Object(Symfony\Component\Console\Input\ArgvInput), Object(Symfony\Component\Console\Output\ConsoleOutput))
#21 /home/ubuntu/workspace/cms/vendor/laravel/framework/src/Illuminate/Foundation/Console/Kernel.php(107): Symfony\Component\Console\Application->run(Object(Symfony\Component\Console\Input\ArgvInput), Object(Symfony\Component\Console\Output\ConsoleOutput))
#22 /home/ubuntu/workspace/cms/artisan(36): Illuminate\Foundation\Console\Kernel->handle(Object(Symfony\Component\Console\Input\ArgvInput), Object(Symfony\Component\Console\Output\ConsoleOutput))
#23 {main}  
[2017-07-15 06:40:34] local.ERROR: exception 'PDOException' with message 'SQLSTATE[HY000] [1045] Access denied for user 'homestead'@'localhost' (using password: YES)' in /home/ubuntu/workspace/cms/vendor/laravel/framework/src/Illuminate/Database/Connectors/Connector.php:55
Stack trace:
#0 /home/ubuntu/workspace/cms/vendor/laravel/framework/src/Illuminate/Database/Connectors/Connector.php(55): PDO->__construct('mysql:host=127....', 'homestead', 'secret', Array)
#1 /home/ubuntu/workspace/cms/vendor/laravel/framework/src/Illuminate/Database/Connectors/MySqlConnector.php(24): Illuminate\Database\Connectors\Connector->createConnection('mysql:host=127....', Array, Array)
#2 /home/ubuntu/workspace/cms/vendor/laravel/framework/src/Illuminate/Database/Connectors/ConnectionFactory.php(61): Illuminate\Database\Connectors\MySqlConnector->connect(Array)
#3 [internal function]: Illuminate\Database\Connectors\ConnectionFactory->Illuminate\Database\Connectors\{closure}()
#4 /home/ubuntu/workspace/cms/vendor/laravel/framework/src/Illuminate/Database/Connection.php(924): call_user_func(Object(Closure))
#5 /home/ubuntu/workspace/cms/vendor/laravel/framework/src/Illuminate/Database/Connection.php(792): Illuminate\Database\Connection->getPdo()
#6 /home/ubuntu/workspace/cms/vendor/laravel/framework/src/Illuminate/Database/Connection.php(677): Illuminate\Database\Connection->reconnectIfMissingConnection()
#7 /home/ubuntu/workspace/cms/vendor/laravel/framework/src/Illuminate/Database/Connection.php(349): Illuminate\Database\Connection->run('select * from i...', Array, Object(Closure))
#8 /home/ubuntu/workspace/cms/vendor/laravel/framework/src/Illuminate/Database/Schema/MySqlBuilder.php(21): Illuminate\Database\Connection->select('select * from i...', Array)
#9 /home/ubuntu/workspace/cms/vendor/laravel/framework/src/Illuminate/Database/Migrations/DatabaseMigrationRepository.php(141): Illuminate\Database\Schema\MySqlBuilder->hasTable('migrations')
#10 /home/ubuntu/workspace/cms/vendor/laravel/framework/src/Illuminate/Database/Migrations/Migrator.php(404): Illuminate\Database\Migrations\DatabaseMigrationRepository->repositoryExists()
#11 /home/ubuntu/workspace/cms/vendor/laravel/framework/src/Illuminate/Database/Console/Migrations/MigrateCommand.php(103): Illuminate\Database\Migrations\Migrator->repositoryExists()
#12 /home/ubuntu/workspace/cms/vendor/laravel/framework/src/Illuminate/Database/Console/Migrations/MigrateCommand.php(58): Illuminate\Database\Console\Migrations\MigrateCommand->prepareDatabase()
#13 [internal function]: Illuminate\Database\Console\Migrations\MigrateCommand->fire()
#14 /home/ubuntu/workspace/cms/vendor/laravel/framework/src/Illuminate/Container/Container.php(507): call_user_func_array(Array, Array)
#15 /home/ubuntu/workspace/cms/vendor/laravel/framework/src/Illuminate/Console/Command.php(169): Illuminate\Container\Container->call(Array)
#16 /home/ubuntu/workspace/cms/vendor/symfony/console/Command/Command.php(256): Illuminate\Console\Command->execute(Object(Symfony\Component\Console\Input\ArgvInput), Object(Symfony\Component\Console\Output\ConsoleOutput))
#17 /home/ubuntu/workspace/cms/vendor/laravel/framework/src/Illuminate/Console/Command.php(155): Symfony\Component\Console\Command\Command->run(Object(Symfony\Component\Console\Input\ArgvInput), Object(Symfony\Component\Console\Output\ConsoleOutput))
#18 /home/ubuntu/workspace/cms/vendor/symfony/console/Application.php(794): Illuminate\Console\Command->run(Object(Symfony\Component\Console\Input\ArgvInput), Object(Symfony\Component\Console\Output\ConsoleOutput))
#19 /home/ubuntu/workspace/cms/vendor/symfony/console/Application.php(186): Symfony\Component\Console\Application->doRunCommand(Object(Illuminate\Database\Console\Migrations\MigrateCommand), Object(Symfony\Component\Console\Input\ArgvInput), Object(Symfony\Component\Console\Output\ConsoleOutput))
#20 /home/ubuntu/workspace/cms/vendor/symfony/console/Application.php(117): Symfony\Component\Console\Application->doRun(Object(Symfony\Component\Console\Input\ArgvInput), Object(Symfony\Component\Console\Output\ConsoleOutput))
#21 /home/ubuntu/workspace/cms/vendor/laravel/framework/src/Illuminate/Foundation/Console/Kernel.php(107): Symfony\Component\Console\Application->run(Object(Symfony\Component\Console\Input\ArgvInput), Object(Symfony\Component\Console\Output\ConsoleOutput))
#22 /home/ubuntu/workspace/cms/artisan(36): Illuminate\Foundation\Console\Kernel->handle(Object(Symfony\Component\Console\Input\ArgvInput), Object(Symfony\Component\Console\Output\ConsoleOutput))
#23 {main}  
[2017-07-15 06:40:47] local.ERROR: exception 'PDOException' with message 'SQLSTATE[HY000] [1045] Access denied for user 'homestead'@'localhost' (using password: YES)' in /home/ubuntu/workspace/cms/vendor/laravel/framework/src/Illuminate/Database/Connectors/Connector.php:55
Stack trace:
#0 /home/ubuntu/workspace/cms/vendor/laravel/framework/src/Illuminate/Database/Connectors/Connector.php(55): PDO->__construct('mysql:host=127....', 'homestead', 'secret', Array)
#1 /home/ubuntu/workspace/cms/vendor/laravel/framework/src/Illuminate/Database/Connectors/MySqlConnector.php(24): Illuminate\Database\Connectors\Connector->createConnection('mysql:host=127....', Array, Array)
#2 /home/ubuntu/workspace/cms/vendor/laravel/framework/src/Illuminate/Database/Connectors/ConnectionFactory.php(61): Illuminate\Database\Connectors\MySqlConnector->connect(Array)
#3 [internal function]: Illuminate\Database\Connectors\ConnectionFactory->Illuminate\Database\Connectors\{closure}()
#4 /home/ubuntu/workspace/cms/vendor/laravel/framework/src/Illuminate/Database/Connection.php(924): call_user_func(Object(Closure))
#5 /home/ubuntu/workspace/cms/vendor/laravel/framework/src/Illuminate/Database/Connection.php(792): Illuminate\Database\Connection->getPdo()
#6 /home/ubuntu/workspace/cms/vendor/laravel/framework/src/Illuminate/Database/Connection.php(677): Illuminate\Database\Connection->reconnectIfMissingConnection()
#7 /home/ubuntu/workspace/cms/vendor/laravel/framework/src/Illuminate/Database/Connection.php(349): Illuminate\Database\Connection->run('select * from i...', Array, Object(Closure))
#8 /home/ubuntu/workspace/cms/vendor/laravel/framework/src/Illuminate/Database/Schema/MySqlBuilder.php(21): Illuminate\Database\Connection->select('select * from i...', Array)
#9 /home/ubuntu/workspace/cms/vendor/laravel/framework/src/Illuminate/Database/Migrations/DatabaseMigrationRepository.php(141): Illuminate\Database\Schema\MySqlBuilder->hasTable('migrations')
#10 /home/ubuntu/workspace/cms/vendor/laravel/framework/src/Illuminate/Database/Migrations/Migrator.php(404): Illuminate\Database\Migrations\DatabaseMigrationRepository->repositoryExists()
#11 /home/ubuntu/workspace/cms/vendor/laravel/framework/src/Illuminate/Database/Console/Migrations/MigrateCommand.php(103): Illuminate\Database\Migrations\Migrator->repositoryExists()
#12 /home/ubuntu/workspace/cms/vendor/laravel/framework/src/Illuminate/Database/Console/Migrations/MigrateCommand.php(58): Illuminate\Database\Console\Migrations\MigrateCommand->prepareDatabase()
#13 [internal function]: Illuminate\Database\Console\Migrations\MigrateCommand->fire()
#14 /home/ubuntu/workspace/cms/vendor/laravel/framework/src/Illuminate/Container/Container.php(507): call_user_func_array(Array, Array)
#15 /home/ubuntu/workspace/cms/vendor/laravel/framework/src/Illuminate/Console/Command.php(169): Illuminate\Container\Container->call(Array)
#16 /home/ubuntu/workspace/cms/vendor/symfony/console/Command/Command.php(256): Illuminate\Console\Command->execute(Object(Symfony\Component\Console\Input\ArgvInput), Object(Symfony\Component\Console\Output\ConsoleOutput))
#17 /home/ubuntu/workspace/cms/vendor/laravel/framework/src/Illuminate/Console/Command.php(155): Symfony\Component\Console\Command\Command->run(Object(Symfony\Component\Console\Input\ArgvInput), Object(Symfony\Component\Console\Output\ConsoleOutput))
#18 /home/ubuntu/workspace/cms/vendor/symfony/console/Application.php(794): Illuminate\Console\Command->run(Object(Symfony\Component\Console\Input\ArgvInput), Object(Symfony\Component\Console\Output\ConsoleOutput))
#19 /home/ubuntu/workspace/cms/vendor/symfony/console/Application.php(186): Symfony\Component\Console\Application->doRunCommand(Object(Illuminate\Database\Console\Migrations\MigrateCommand), Object(Symfony\Component\Console\Input\ArgvInput), Object(Symfony\Component\Console\Output\ConsoleOutput))
#20 /home/ubuntu/workspace/cms/vendor/symfony/console/Application.php(117): Symfony\Component\Console\Application->doRun(Object(Symfony\Component\Console\Input\ArgvInput), Object(Symfony\Component\Console\Output\ConsoleOutput))
#21 /home/ubuntu/workspace/cms/vendor/laravel/framework/src/Illuminate/Foundation/Console/Kernel.php(107): Symfony\Component\Console\Application->run(Object(Symfony\Component\Console\Input\ArgvInput), Object(Symfony\Component\Console\Output\ConsoleOutput))
#22 /home/ubuntu/workspace/cms/artisan(36): Illuminate\Foundation\Console\Kernel->handle(Object(Symfony\Component\Console\Input\ArgvInput), Object(Symfony\Component\Console\Output\ConsoleOutput))
#23 {main}  
[2017-07-15 06:45:47] local.ERROR: exception 'PDOException' with message 'SQLSTATE[HY000] [1045] Access denied for user 'homestead'@'localhost' (using password: YES)' in /home/ubuntu/workspace/cms/vendor/laravel/framework/src/Illuminate/Database/Connectors/Connector.php:55
Stack trace:
#0 /home/ubuntu/workspace/cms/vendor/laravel/framework/src/Illuminate/Database/Connectors/Connector.php(55): PDO->__construct('mysql:host=127....', 'homestead', 'secret', Array)
#1 /home/ubuntu/workspace/cms/vendor/laravel/framework/src/Illuminate/Database/Connectors/MySqlConnector.php(24): Illuminate\Database\Connectors\Connector->createConnection('mysql:host=127....', Array, Array)
#2 /home/ubuntu/workspace/cms/vendor/laravel/framework/src/Illuminate/Database/Connectors/ConnectionFactory.php(61): Illuminate\Database\Connectors\MySqlConnector->connect(Array)
#3 [internal function]: Illuminate\Database\Connectors\ConnectionFactory->Illuminate\Database\Connectors\{closure}()
#4 /home/ubuntu/workspace/cms/vendor/laravel/framework/src/Illuminate/Database/Connection.php(924): call_user_func(Object(Closure))
#5 /home/ubuntu/workspace/cms/vendor/laravel/framework/src/Illuminate/Database/Connection.php(792): Illuminate\Database\Connection->getPdo()
#6 /home/ubuntu/workspace/cms/vendor/laravel/framework/src/Illuminate/Database/Connection.php(677): Illuminate\Database\Connection->reconnectIfMissingConnection()
#7 /home/ubuntu/workspace/cms/vendor/laravel/framework/src/Illuminate/Database/Connection.php(349): Illuminate\Database\Connection->run('select * from i...', Array, Object(Closure))
#8 /home/ubuntu/workspace/cms/vendor/laravel/framework/src/Illuminate/Database/Schema/MySqlBuilder.php(21): Illuminate\Database\Connection->select('select * from i...', Array)
#9 /home/ubuntu/workspace/cms/vendor/laravel/framework/src/Illuminate/Database/Migrations/DatabaseMigrationRepository.php(141): Illuminate\Database\Schema\MySqlBuilder->hasTable('migrations')
#10 /home/ubuntu/workspace/cms/vendor/laravel/framework/src/Illuminate/Database/Migrations/Migrator.php(404): Illuminate\Database\Migrations\DatabaseMigrationRepository->repositoryExists()
#11 /home/ubuntu/workspace/cms/vendor/laravel/framework/src/Illuminate/Database/Console/Migrations/MigrateCommand.php(103): Illuminate\Database\Migrations\Migrator->repositoryExists()
#12 /home/ubuntu/workspace/cms/vendor/laravel/framework/src/Illuminate/Database/Console/Migrations/MigrateCommand.php(58): Illuminate\Database\Console\Migrations\MigrateCommand->prepareDatabase()
#13 [internal function]: Illuminate\Database\Console\Migrations\MigrateCommand->fire()
#14 /home/ubuntu/workspace/cms/vendor/laravel/framework/src/Illuminate/Container/Container.php(507): call_user_func_array(Array, Array)
#15 /home/ubuntu/workspace/cms/vendor/laravel/framework/src/Illuminate/Console/Command.php(169): Illuminate\Container\Container->call(Array)
#16 /home/ubuntu/workspace/cms/vendor/symfony/console/Command/Command.php(256): Illuminate\Console\Command->execute(Object(Symfony\Component\Console\Input\ArgvInput), Object(Symfony\Component\Console\Output\ConsoleOutput))
#17 /home/ubuntu/workspace/cms/vendor/laravel/framework/src/Illuminate/Console/Command.php(155): Symfony\Component\Console\Command\Command->run(Object(Symfony\Component\Console\Input\ArgvInput), Object(Symfony\Component\Console\Output\ConsoleOutput))
#18 /home/ubuntu/workspace/cms/vendor/symfony/console/Application.php(794): Illuminate\Console\Command->run(Object(Symfony\Component\Console\Input\ArgvInput), Object(Symfony\Component\Console\Output\ConsoleOutput))
#19 /home/ubuntu/workspace/cms/vendor/symfony/console/Application.php(186): Symfony\Component\Console\Application->doRunCommand(Object(Illuminate\Database\Console\Migrations\MigrateCommand), Object(Symfony\Component\Console\Input\ArgvInput), Object(Symfony\Component\Console\Output\ConsoleOutput))
#20 /home/ubuntu/workspace/cms/vendor/symfony/console/Application.php(117): Symfony\Component\Console\Application->doRun(Object(Symfony\Component\Console\Input\ArgvInput), Object(Symfony\Component\Console\Output\ConsoleOutput))
#21 /home/ubuntu/workspace/cms/vendor/laravel/framework/src/Illuminate/Foundation/Console/Kernel.php(107): Symfony\Component\Console\Application->run(Object(Symfony\Component\Console\Input\ArgvInput), Object(Symfony\Component\Console\Output\ConsoleOutput))
#22 /home/ubuntu/workspace/cms/artisan(36): Illuminate\Foundation\Console\Kernel->handle(Object(Symfony\Component\Console\Input\ArgvInput), Object(Symfony\Component\Console\Output\ConsoleOutput))
#23 {main}  
[2017-07-15 06:46:59] local.ERROR: exception 'PDOException' with message 'SQLSTATE[HY000] [1045] Access denied for user 'homestead'@'localhost' (using password: YES)' in /home/ubuntu/workspace/cms/vendor/laravel/framework/src/Illuminate/Database/Connectors/Connector.php:55
Stack trace:
#0 /home/ubuntu/workspace/cms/vendor/laravel/framework/src/Illuminate/Database/Connectors/Connector.php(55): PDO->__construct('mysql:host=127....', 'homestead', 'secret', Array)
#1 /home/ubuntu/workspace/cms/vendor/laravel/framework/src/Illuminate/Database/Connectors/MySqlConnector.php(24): Illuminate\Database\Connectors\Connector->createConnection('mysql:host=127....', Array, Array)
#2 /home/ubuntu/workspace/cms/vendor/laravel/framework/src/Illuminate/Database/Connectors/ConnectionFactory.php(61): Illuminate\Database\Connectors\MySqlConnector->connect(Array)
#3 [internal function]: Illuminate\Database\Connectors\ConnectionFactory->Illuminate\Database\Connectors\{closure}()
#4 /home/ubuntu/workspace/cms/vendor/laravel/framework/src/Illuminate/Database/Connection.php(924): call_user_func(Object(Closure))
#5 /home/ubuntu/workspace/cms/vendor/laravel/framework/src/Illuminate/Database/Connection.php(792): Illuminate\Database\Connection->getPdo()
#6 /home/ubuntu/workspace/cms/vendor/laravel/framework/src/Illuminate/Database/Connection.php(677): Illuminate\Database\Connection->reconnectIfMissingConnection()
#7 /home/ubuntu/workspace/cms/vendor/laravel/framework/src/Illuminate/Database/Connection.php(349): Illuminate\Database\Connection->run('select * from i...', Array, Object(Closure))
#8 /home/ubuntu/workspace/cms/vendor/laravel/framework/src/Illuminate/Database/Schema/MySqlBuilder.php(21): Illuminate\Database\Connection->select('select * from i...', Array)
#9 /home/ubuntu/workspace/cms/vendor/laravel/framework/src/Illuminate/Database/Migrations/DatabaseMigrationRepository.php(141): Illuminate\Database\Schema\MySqlBuilder->hasTable('migrations')
#10 /home/ubuntu/workspace/cms/vendor/laravel/framework/src/Illuminate/Database/Migrations/Migrator.php(404): Illuminate\Database\Migrations\DatabaseMigrationRepository->repositoryExists()
#11 /home/ubuntu/workspace/cms/vendor/laravel/framework/src/Illuminate/Database/Console/Migrations/MigrateCommand.php(103): Illuminate\Database\Migrations\Migrator->repositoryExists()
#12 /home/ubuntu/workspace/cms/vendor/laravel/framework/src/Illuminate/Database/Console/Migrations/MigrateCommand.php(58): Illuminate\Database\Console\Migrations\MigrateCommand->prepareDatabase()
#13 [internal function]: Illuminate\Database\Console\Migrations\MigrateCommand->fire()
#14 /home/ubuntu/workspace/cms/vendor/laravel/framework/src/Illuminate/Container/Container.php(507): call_user_func_array(Array, Array)
#15 /home/ubuntu/workspace/cms/vendor/laravel/framework/src/Illuminate/Console/Command.php(169): Illuminate\Container\Container->call(Array)
#16 /home/ubuntu/workspace/cms/vendor/symfony/console/Command/Command.php(256): Illuminate\Console\Command->execute(Object(Symfony\Component\Console\Input\ArgvInput), Object(Symfony\Component\Console\Output\ConsoleOutput))
#17 /home/ubuntu/workspace/cms/vendor/laravel/framework/src/Illuminate/Console/Command.php(155): Symfony\Component\Console\Command\Command->run(Object(Symfony\Component\Console\Input\ArgvInput), Object(Symfony\Component\Console\Output\ConsoleOutput))
#18 /home/ubuntu/workspace/cms/vendor/symfony/console/Application.php(794): Illuminate\Console\Command->run(Object(Symfony\Component\Console\Input\ArgvInput), Object(Symfony\Component\Console\Output\ConsoleOutput))
#19 /home/ubuntu/workspace/cms/vendor/symfony/console/Application.php(186): Symfony\Component\Console\Application->doRunCommand(Object(Illuminate\Database\Console\Migrations\MigrateCommand), Object(Symfony\Component\Console\Input\ArgvInput), Object(Symfony\Component\Console\Output\ConsoleOutput))
#20 /home/ubuntu/workspace/cms/vendor/symfony/console/Application.php(117): Symfony\Component\Console\Application->doRun(Object(Symfony\Component\Console\Input\ArgvInput), Object(Symfony\Component\Console\Output\ConsoleOutput))
#21 /home/ubuntu/workspace/cms/vendor/laravel/framework/src/Illuminate/Foundation/Console/Kernel.php(107): Symfony\Component\Console\Application->run(Object(Symfony\Component\Console\Input\ArgvInput), Object(Symfony\Component\Console\Output\ConsoleOutput))
#22 /home/ubuntu/workspace/cms/artisan(36): Illuminate\Foundation\Console\Kernel->handle(Object(Symfony\Component\Console\Input\ArgvInput), Object(Symfony\Component\Console\Output\ConsoleOutput))
#23 {main}  
[2017-07-15 06:59:53] local.ERROR: exception 'Symfony\Component\Console\Exception\RuntimeException' with message 'Too many arguments, expected arguments "command" "name".' in /home/ubuntu/workspace/cms/vendor/symfony/console/Input/ArgvInput.php:181
Stack trace:
#0 /home/ubuntu/workspace/cms/vendor/symfony/console/Input/ArgvInput.php(88): Symfony\Component\Console\Input\ArgvInput->parseArgument('???')
#1 /home/ubuntu/workspace/cms/vendor/symfony/console/Input/Input.php(62): Symfony\Component\Console\Input\ArgvInput->parse()
#2 /home/ubuntu/workspace/cms/vendor/symfony/console/Command/Command.php(221): Symfony\Component\Console\Input\Input->bind(Object(Symfony\Component\Console\Input\InputDefinition))
#3 /home/ubuntu/workspace/cms/vendor/laravel/framework/src/Illuminate/Console/Command.php(155): Symfony\Component\Console\Command\Command->run(Object(Symfony\Component\Console\Input\ArgvInput), Object(Symfony\Component\Console\Output\ConsoleOutput))
#4 /home/ubuntu/workspace/cms/vendor/symfony/console/Application.php(794): Illuminate\Console\Command->run(Object(Symfony\Component\Console\Input\ArgvInput), Object(Symfony\Component\Console\Output\ConsoleOutput))
#5 /home/ubuntu/workspace/cms/vendor/symfony/console/Application.php(186): Symfony\Component\Console\Application->doRunCommand(Object(Illuminate\Foundation\Console\ModelMakeCommand), Object(Symfony\Component\Console\Input\ArgvInput), Object(Symfony\Component\Console\Output\ConsoleOutput))
#6 /home/ubuntu/workspace/cms/vendor/symfony/console/Application.php(117): Symfony\Component\Console\Application->doRun(Object(Symfony\Component\Console\Input\ArgvInput), Object(Symfony\Component\Console\Output\ConsoleOutput))
#7 /home/ubuntu/workspace/cms/vendor/laravel/framework/src/Illuminate/Foundation/Console/Kernel.php(107): Symfony\Component\Console\Application->run(Object(Symfony\Component\Console\Input\ArgvInput), Object(Symfony\Component\Console\Output\ConsoleOutput))
#8 /home/ubuntu/workspace/cms/artisan(36): Illuminate\Foundation\Console\Kernel->handle(Object(Symfony\Component\Console\Input\ArgvInput), Object(Symfony\Component\Console\Output\ConsoleOutput))
#9 {main}  
[2017-07-15 07:36:38] local.ERROR: exception 'Symfony\Component\Debug\Exception\FatalErrorException' with message 'syntax error, unexpected '}'' in /home/ubuntu/workspace/cms/app/Http/routes.php:11
Stack trace:
#0 /home/ubuntu/workspace/cms/vendor/laravel/framework/src/Illuminate/Foundation/Bootstrap/HandleExceptions.php(133): Symfony\Component\Debug\Exception\FatalErrorException->__construct()
#1 /home/ubuntu/workspace/cms/vendor/laravel/framework/src/Illuminate/Foundation/Bootstrap/HandleExceptions.php(118): Illuminate\Foundation\Bootstrap\HandleExceptions->fatalExceptionFromError()
#2 /home/ubuntu/workspace/cms/vendor/laravel/framework/src/Illuminate/Foundation/Bootstrap/HandleExceptions.php(0): Illuminate\Foundation\Bootstrap\HandleExceptions->handleShutdown()
#3 /home/ubuntu/workspace/cms/vendor/laravel/framework/src/Illuminate/Routing/Router.php(398): App\Providers\RouteServiceProvider->App\Providers\{closure}()
#4 /home/ubuntu/workspace/cms/vendor/laravel/framework/src/Illuminate/Routing/Router.php(398): call_user_func:{/home/ubuntu/workspace/cms/vendor/laravel/framework/src/Illuminate/Routing/Router.php:398}()
#5 /home/ubuntu/workspace/cms/app/Providers/RouteServiceProvider.php(59): Illuminate\Routing\Router->group()
#6 /home/ubuntu/workspace/cms/app/Providers/RouteServiceProvider.php(40): App\Providers\RouteServiceProvider->mapWebRoutes()
#7 /home/ubuntu/workspace/cms/vendor/laravel/framework/src/Illuminate/Container/Container.php(507): App\Providers\RouteServiceProvider->map()
#8 /home/ubuntu/workspace/cms/vendor/laravel/framework/src/Illuminate/Container/Container.php(507): call_user_func_array:{/home/ubuntu/workspace/cms/vendor/laravel/framework/src/Illuminate/Container/Container.php:507}()
#9 /home/ubuntu/workspace/cms/vendor/laravel/framework/src/Illuminate/Foundation/Support/Providers/RouteServiceProvider.php(72): Illuminate\Container\Container->call()
#10 /home/ubuntu/workspace/cms/vendor/laravel/framework/src/Illuminate/Foundation/Support/Providers/RouteServiceProvider.php(31): Illuminate\Foundation\Support\Providers\RouteServiceProvider->loadRoutes()
#11 /home/ubuntu/workspace/cms/app/Providers/RouteServiceProvider.php(29): Illuminate\Foundation\Support\Providers\RouteServiceProvider->boot()
#12 /home/ubuntu/workspace/cms/vendor/laravel/framework/src/Illuminate/Container/Container.php(507): App\Providers\RouteServiceProvider->boot()
#13 /home/ubuntu/workspace/cms/vendor/laravel/framework/src/Illuminate/Container/Container.php(507): call_user_func_array:{/home/ubuntu/workspace/cms/vendor/laravel/framework/src/Illuminate/Container/Container.php:507}()
#14 /home/ubuntu/workspace/cms/vendor/laravel/framework/src/Illuminate/Foundation/Application.php(757): Illuminate\Container\Container->call()
#15 /home/ubuntu/workspace/cms/vendor/laravel/framework/src/Illuminate/Foundation/Application.php(740): Illuminate\Foundation\Application->bootProvider()
#16 /home/ubuntu/workspace/cms/vendor/laravel/framework/src/Illuminate/Foundation/Application.php(741): Illuminate\Foundation\Application->Illuminate\Foundation\{closure}()
#17 /home/ubuntu/workspace/cms/vendor/laravel/framework/src/Illuminate/Foundation/Application.php(741): array_walk()
#18 /home/ubuntu/workspace/cms/vendor/laravel/framework/src/Illuminate/Foundation/Bootstrap/BootProviders.php(17): Illuminate\Foundation\Application->boot()
#19 /home/ubuntu/workspace/cms/vendor/laravel/framework/src/Illuminate/Foundation/Application.php(203): Illuminate\Foundation\Bootstrap\BootProviders->bootstrap()
#20 /home/ubuntu/workspace/cms/vendor/laravel/framework/src/Illuminate/Foundation/Http/Kernel.php(232): Illuminate\Foundation\Application->bootstrapWith()
#21 /home/ubuntu/workspace/cms/vendor/laravel/framework/src/Illuminate/Foundation/Http/Kernel.php(127): Illuminate\Foundation\Http\Kernel->bootstrap()
#22 /home/ubuntu/workspace/cms/vendor/laravel/framework/src/Illuminate/Foundation/Http/Kernel.php(99): Illuminate\Foundation\Http\Kernel->sendRequestThroughRouter()
#23 /home/ubuntu/workspace/cms/public/index.php(54): Illuminate\Foundation\Http\Kernel->handle()
#24 /home/ubuntu/workspace/cms/public/index.php(0): {main}()
#25 {main}  
[2017-07-15 07:36:51] local.ERROR: exception 'Symfony\Component\Debug\Exception\FatalErrorException' with message 'syntax error, unexpected '}'' in /home/ubuntu/workspace/cms/app/Http/routes.php:11
Stack trace:
#0 /home/ubuntu/workspace/cms/vendor/laravel/framework/src/Illuminate/Foundation/Bootstrap/HandleExceptions.php(133): Symfony\Component\Debug\Exception\FatalErrorException->__construct()
#1 /home/ubuntu/workspace/cms/vendor/laravel/framework/src/Illuminate/Foundation/Bootstrap/HandleExceptions.php(118): Illuminate\Foundation\Bootstrap\HandleExceptions->fatalExceptionFromError()
#2 /home/ubuntu/workspace/cms/vendor/laravel/framework/src/Illuminate/Foundation/Bootstrap/HandleExceptions.php(0): Illuminate\Foundation\Bootstrap\HandleExceptions->handleShutdown()
#3 /home/ubuntu/workspace/cms/vendor/laravel/framework/src/Illuminate/Routing/Router.php(398): App\Providers\RouteServiceProvider->App\Providers\{closure}()
#4 /home/ubuntu/workspace/cms/vendor/laravel/framework/src/Illuminate/Routing/Router.php(398): call_user_func:{/home/ubuntu/workspace/cms/vendor/laravel/framework/src/Illuminate/Routing/Router.php:398}()
#5 /home/ubuntu/workspace/cms/app/Providers/RouteServiceProvider.php(59): Illuminate\Routing\Router->group()
#6 /home/ubuntu/workspace/cms/app/Providers/RouteServiceProvider.php(40): App\Providers\RouteServiceProvider->mapWebRoutes()
#7 /home/ubuntu/workspace/cms/vendor/laravel/framework/src/Illuminate/Container/Container.php(507): App\Providers\RouteServiceProvider->map()
#8 /home/ubuntu/workspace/cms/vendor/laravel/framework/src/Illuminate/Container/Container.php(507): call_user_func_array:{/home/ubuntu/workspace/cms/vendor/laravel/framework/src/Illuminate/Container/Container.php:507}()
#9 /home/ubuntu/workspace/cms/vendor/laravel/framework/src/Illuminate/Foundation/Support/Providers/RouteServiceProvider.php(72): Illuminate\Container\Container->call()
#10 /home/ubuntu/workspace/cms/vendor/laravel/framework/src/Illuminate/Foundation/Support/Providers/RouteServiceProvider.php(31): Illuminate\Foundation\Support\Providers\RouteServiceProvider->loadRoutes()
#11 /home/ubuntu/workspace/cms/app/Providers/RouteServiceProvider.php(29): Illuminate\Foundation\Support\Providers\RouteServiceProvider->boot()
#12 /home/ubuntu/workspace/cms/vendor/laravel/framework/src/Illuminate/Container/Container.php(507): App\Providers\RouteServiceProvider->boot()
#13 /home/ubuntu/workspace/cms/vendor/laravel/framework/src/Illuminate/Container/Container.php(507): call_user_func_array:{/home/ubuntu/workspace/cms/vendor/laravel/framework/src/Illuminate/Container/Container.php:507}()
#14 /home/ubuntu/workspace/cms/vendor/laravel/framework/src/Illuminate/Foundation/Application.php(757): Illuminate\Container\Container->call()
#15 /home/ubuntu/workspace/cms/vendor/laravel/framework/src/Illuminate/Foundation/Application.php(740): Illuminate\Foundation\Application->bootProvider()
#16 /home/ubuntu/workspace/cms/vendor/laravel/framework/src/Illuminate/Foundation/Application.php(741): Illuminate\Foundation\Application->Illuminate\Foundation\{closure}()
#17 /home/ubuntu/workspace/cms/vendor/laravel/framework/src/Illuminate/Foundation/Application.php(741): array_walk()
#18 /home/ubuntu/workspace/cms/vendor/laravel/framework/src/Illuminate/Foundation/Bootstrap/BootProviders.php(17): Illuminate\Foundation\Application->boot()
#19 /home/ubuntu/workspace/cms/vendor/laravel/framework/src/Illuminate/Foundation/Application.php(203): Illuminate\Foundation\Bootstrap\BootProviders->bootstrap()
#20 /home/ubuntu/workspace/cms/vendor/laravel/framework/src/Illuminate/Foundation/Http/Kernel.php(232): Illuminate\Foundation\Application->bootstrapWith()
#21 /home/ubuntu/workspace/cms/vendor/laravel/framework/src/Illuminate/Foundation/Http/Kernel.php(127): Illuminate\Foundation\Http\Kernel->bootstrap()
#22 /home/ubuntu/workspace/cms/vendor/laravel/framework/src/Illuminate/Foundation/Http/Kernel.php(99): Illuminate\Foundation\Http\Kernel->sendRequestThroughRouter()
#23 /home/ubuntu/workspace/cms/public/index.php(54): Illuminate\Foundation\Http\Kernel->handle()
#24 /home/ubuntu/workspace/cms/public/index.php(0): {main}()
#25 {main}  
[2017-07-15 08:41:16] local.ERROR: exception 'Symfony\Component\Debug\Exception\FatalErrorException' with message 'syntax error, unexpected '}'' in /home/ubuntu/workspace/cms/app/Http/routes.php:11
Stack trace:
#0 /home/ubuntu/workspace/cms/vendor/laravel/framework/src/Illuminate/Foundation/Bootstrap/HandleExceptions.php(133): Symfony\Component\Debug\Exception\FatalErrorException->__construct()
#1 /home/ubuntu/workspace/cms/vendor/laravel/framework/src/Illuminate/Foundation/Bootstrap/HandleExceptions.php(118): Illuminate\Foundation\Bootstrap\HandleExceptions->fatalExceptionFromError()
#2 /home/ubuntu/workspace/cms/vendor/laravel/framework/src/Illuminate/Foundation/Bootstrap/HandleExceptions.php(0): Illuminate\Foundation\Bootstrap\HandleExceptions->handleShutdown()
#3 /home/ubuntu/workspace/cms/vendor/laravel/framework/src/Illuminate/Routing/Router.php(398): App\Providers\RouteServiceProvider->App\Providers\{closure}()
#4 /home/ubuntu/workspace/cms/vendor/laravel/framework/src/Illuminate/Routing/Router.php(398): call_user_func:{/home/ubuntu/workspace/cms/vendor/laravel/framework/src/Illuminate/Routing/Router.php:398}()
#5 /home/ubuntu/workspace/cms/app/Providers/RouteServiceProvider.php(59): Illuminate\Routing\Router->group()
#6 /home/ubuntu/workspace/cms/app/Providers/RouteServiceProvider.php(40): App\Providers\RouteServiceProvider->mapWebRoutes()
#7 /home/ubuntu/workspace/cms/vendor/laravel/framework/src/Illuminate/Container/Container.php(507): App\Providers\RouteServiceProvider->map()
#8 /home/ubuntu/workspace/cms/vendor/laravel/framework/src/Illuminate/Container/Container.php(507): call_user_func_array:{/home/ubuntu/workspace/cms/vendor/laravel/framework/src/Illuminate/Container/Container.php:507}()
#9 /home/ubuntu/workspace/cms/vendor/laravel/framework/src/Illuminate/Foundation/Support/Providers/RouteServiceProvider.php(72): Illuminate\Container\Container->call()
#10 /home/ubuntu/workspace/cms/vendor/laravel/framework/src/Illuminate/Foundation/Support/Providers/RouteServiceProvider.php(31): Illuminate\Foundation\Support\Providers\RouteServiceProvider->loadRoutes()
#11 /home/ubuntu/workspace/cms/app/Providers/RouteServiceProvider.php(29): Illuminate\Foundation\Support\Providers\RouteServiceProvider->boot()
#12 /home/ubuntu/workspace/cms/vendor/laravel/framework/src/Illuminate/Container/Container.php(507): App\Providers\RouteServiceProvider->boot()
#13 /home/ubuntu/workspace/cms/vendor/laravel/framework/src/Illuminate/Container/Container.php(507): call_user_func_array:{/home/ubuntu/workspace/cms/vendor/laravel/framework/src/Illuminate/Container/Container.php:507}()
#14 /home/ubuntu/workspace/cms/vendor/laravel/framework/src/Illuminate/Foundation/Application.php(757): Illuminate\Container\Container->call()
#15 /home/ubuntu/workspace/cms/vendor/laravel/framework/src/Illuminate/Foundation/Application.php(740): Illuminate\Foundation\Application->bootProvider()
#16 /home/ubuntu/workspace/cms/vendor/laravel/framework/src/Illuminate/Foundation/Application.php(741): Illuminate\Foundation\Application->Illuminate\Foundation\{closure}()
#17 /home/ubuntu/workspace/cms/vendor/laravel/framework/src/Illuminate/Foundation/Application.php(741): array_walk()
#18 /home/ubuntu/workspace/cms/vendor/laravel/framework/src/Illuminate/Foundation/Bootstrap/BootProviders.php(17): Illuminate\Foundation\Application->boot()
#19 /home/ubuntu/workspace/cms/vendor/laravel/framework/src/Illuminate/Foundation/Application.php(203): Illuminate\Foundation\Bootstrap\BootProviders->bootstrap()
#20 /home/ubuntu/workspace/cms/vendor/laravel/framework/src/Illuminate/Foundation/Http/Kernel.php(232): Illuminate\Foundation\Application->bootstrapWith()
#21 /home/ubuntu/workspace/cms/vendor/laravel/framework/src/Illuminate/Foundation/Http/Kernel.php(127): Illuminate\Foundation\Http\Kernel->bootstrap()
#22 /home/ubuntu/workspace/cms/vendor/laravel/framework/src/Illuminate/Foundation/Http/Kernel.php(99): Illuminate\Foundation\Http\Kernel->sendRequestThroughRouter()
#23 /home/ubuntu/workspace/cms/public/index.php(54): Illuminate\Foundation\Http\Kernel->handle()
#24 /home/ubuntu/workspace/cms/public/index.php(0): {main}()
#25 {main}  
[2017-07-15 08:41:17] local.ERROR: exception 'Symfony\Component\Debug\Exception\FatalErrorException' with message 'syntax error, unexpected '}'' in /home/ubuntu/workspace/cms/app/Http/routes.php:11
Stack trace:
#0 /home/ubuntu/workspace/cms/vendor/laravel/framework/src/Illuminate/Foundation/Bootstrap/HandleExceptions.php(133): Symfony\Component\Debug\Exception\FatalErrorException->__construct()
#1 /home/ubuntu/workspace/cms/vendor/laravel/framework/src/Illuminate/Foundation/Bootstrap/HandleExceptions.php(118): Illuminate\Foundation\Bootstrap\HandleExceptions->fatalExceptionFromError()
#2 /home/ubuntu/workspace/cms/vendor/laravel/framework/src/Illuminate/Foundation/Bootstrap/HandleExceptions.php(0): Illuminate\Foundation\Bootstrap\HandleExceptions->handleShutdown()
#3 /home/ubuntu/workspace/cms/vendor/laravel/framework/src/Illuminate/Routing/Router.php(398): App\Providers\RouteServiceProvider->App\Providers\{closure}()
#4 /home/ubuntu/workspace/cms/vendor/laravel/framework/src/Illuminate/Routing/Router.php(398): call_user_func:{/home/ubuntu/workspace/cms/vendor/laravel/framework/src/Illuminate/Routing/Router.php:398}()
#5 /home/ubuntu/workspace/cms/app/Providers/RouteServiceProvider.php(59): Illuminate\Routing\Router->group()
#6 /home/ubuntu/workspace/cms/app/Providers/RouteServiceProvider.php(40): App\Providers\RouteServiceProvider->mapWebRoutes()
#7 /home/ubuntu/workspace/cms/vendor/laravel/framework/src/Illuminate/Container/Container.php(507): App\Providers\RouteServiceProvider->map()
#8 /home/ubuntu/workspace/cms/vendor/laravel/framework/src/Illuminate/Container/Container.php(507): call_user_func_array:{/home/ubuntu/workspace/cms/vendor/laravel/framework/src/Illuminate/Container/Container.php:507}()
#9 /home/ubuntu/workspace/cms/vendor/laravel/framework/src/Illuminate/Foundation/Support/Providers/RouteServiceProvider.php(72): Illuminate\Container\Container->call()
#10 /home/ubuntu/workspace/cms/vendor/laravel/framework/src/Illuminate/Foundation/Support/Providers/RouteServiceProvider.php(31): Illuminate\Foundation\Support\Providers\RouteServiceProvider->loadRoutes()
#11 /home/ubuntu/workspace/cms/app/Providers/RouteServiceProvider.php(29): Illuminate\Foundation\Support\Providers\RouteServiceProvider->boot()
#12 /home/ubuntu/workspace/cms/vendor/laravel/framework/src/Illuminate/Container/Container.php(507): App\Providers\RouteServiceProvider->boot()
#13 /home/ubuntu/workspace/cms/vendor/laravel/framework/src/Illuminate/Container/Container.php(507): call_user_func_array:{/home/ubuntu/workspace/cms/vendor/laravel/framework/src/Illuminate/Container/Container.php:507}()
#14 /home/ubuntu/workspace/cms/vendor/laravel/framework/src/Illuminate/Foundation/Application.php(757): Illuminate\Container\Container->call()
#15 /home/ubuntu/workspace/cms/vendor/laravel/framework/src/Illuminate/Foundation/Application.php(740): Illuminate\Foundation\Application->bootProvider()
#16 /home/ubuntu/workspace/cms/vendor/laravel/framework/src/Illuminate/Foundation/Application.php(741): Illuminate\Foundation\Application->Illuminate\Foundation\{closure}()
#17 /home/ubuntu/workspace/cms/vendor/laravel/framework/src/Illuminate/Foundation/Application.php(741): array_walk()
#18 /home/ubuntu/workspace/cms/vendor/laravel/framework/src/Illuminate/Foundation/Bootstrap/BootProviders.php(17): Illuminate\Foundation\Application->boot()
#19 /home/ubuntu/workspace/cms/vendor/laravel/framework/src/Illuminate/Foundation/Application.php(203): Illuminate\Foundation\Bootstrap\BootProviders->bootstrap()
#20 /home/ubuntu/workspace/cms/vendor/laravel/framework/src/Illuminate/Foundation/Http/Kernel.php(232): Illuminate\Foundation\Application->bootstrapWith()
#21 /home/ubuntu/workspace/cms/vendor/laravel/framework/src/Illuminate/Foundation/Http/Kernel.php(127): Illuminate\Foundation\Http\Kernel->bootstrap()
#22 /home/ubuntu/workspace/cms/vendor/laravel/framework/src/Illuminate/Foundation/Http/Kernel.php(99): Illuminate\Foundation\Http\Kernel->sendRequestThroughRouter()
#23 /home/ubuntu/workspace/cms/public/index.php(54): Illuminate\Foundation\Http\Kernel->handle()
#24 /home/ubuntu/workspace/cms/public/index.php(0): {main}()
#25 {main}  
[2017-07-15 08:41:30] local.ERROR: exception 'Symfony\Component\Debug\Exception\FatalErrorException' with message 'syntax error, unexpected '}'' in /home/ubuntu/workspace/cms/app/Http/routes.php:11
Stack trace:
#0 /home/ubuntu/workspace/cms/vendor/laravel/framework/src/Illuminate/Foundation/Bootstrap/HandleExceptions.php(133): Symfony\Component\Debug\Exception\FatalErrorException->__construct()
#1 /home/ubuntu/workspace/cms/vendor/laravel/framework/src/Illuminate/Foundation/Bootstrap/HandleExceptions.php(118): Illuminate\Foundation\Bootstrap\HandleExceptions->fatalExceptionFromError()
#2 /home/ubuntu/workspace/cms/vendor/laravel/framework/src/Illuminate/Foundation/Bootstrap/HandleExceptions.php(0): Illuminate\Foundation\Bootstrap\HandleExceptions->handleShutdown()
#3 /home/ubuntu/workspace/cms/vendor/laravel/framework/src/Illuminate/Routing/Router.php(398): App\Providers\RouteServiceProvider->App\Providers\{closure}()
#4 /home/ubuntu/workspace/cms/vendor/laravel/framework/src/Illuminate/Routing/Router.php(398): call_user_func:{/home/ubuntu/workspace/cms/vendor/laravel/framework/src/Illuminate/Routing/Router.php:398}()
#5 /home/ubuntu/workspace/cms/app/Providers/RouteServiceProvider.php(59): Illuminate\Routing\Router->group()
#6 /home/ubuntu/workspace/cms/app/Providers/RouteServiceProvider.php(40): App\Providers\RouteServiceProvider->mapWebRoutes()
#7 /home/ubuntu/workspace/cms/vendor/laravel/framework/src/Illuminate/Container/Container.php(507): App\Providers\RouteServiceProvider->map()
#8 /home/ubuntu/workspace/cms/vendor/laravel/framework/src/Illuminate/Container/Container.php(507): call_user_func_array:{/home/ubuntu/workspace/cms/vendor/laravel/framework/src/Illuminate/Container/Container.php:507}()
#9 /home/ubuntu/workspace/cms/vendor/laravel/framework/src/Illuminate/Foundation/Support/Providers/RouteServiceProvider.php(72): Illuminate\Container\Container->call()
#10 /home/ubuntu/workspace/cms/vendor/laravel/framework/src/Illuminate/Foundation/Support/Providers/RouteServiceProvider.php(31): Illuminate\Foundation\Support\Providers\RouteServiceProvider->loadRoutes()
#11 /home/ubuntu/workspace/cms/app/Providers/RouteServiceProvider.php(29): Illuminate\Foundation\Support\Providers\RouteServiceProvider->boot()
#12 /home/ubuntu/workspace/cms/vendor/laravel/framework/src/Illuminate/Container/Container.php(507): App\Providers\RouteServiceProvider->boot()
#13 /home/ubuntu/workspace/cms/vendor/laravel/framework/src/Illuminate/Container/Container.php(507): call_user_func_array:{/home/ubuntu/workspace/cms/vendor/laravel/framework/src/Illuminate/Container/Container.php:507}()
#14 /home/ubuntu/workspace/cms/vendor/laravel/framework/src/Illuminate/Foundation/Application.php(757): Illuminate\Container\Container->call()
#15 /home/ubuntu/workspace/cms/vendor/laravel/framework/src/Illuminate/Foundation/Application.php(740): Illuminate\Foundation\Application->bootProvider()
#16 /home/ubuntu/workspace/cms/vendor/laravel/framework/src/Illuminate/Foundation/Application.php(741): Illuminate\Foundation\Application->Illuminate\Foundation\{closure}()
#17 /home/ubuntu/workspace/cms/vendor/laravel/framework/src/Illuminate/Foundation/Application.php(741): array_walk()
#18 /home/ubuntu/workspace/cms/vendor/laravel/framework/src/Illuminate/Foundation/Bootstrap/BootProviders.php(17): Illuminate\Foundation\Application->boot()
#19 /home/ubuntu/workspace/cms/vendor/laravel/framework/src/Illuminate/Foundation/Application.php(203): Illuminate\Foundation\Bootstrap\BootProviders->bootstrap()
#20 /home/ubuntu/workspace/cms/vendor/laravel/framework/src/Illuminate/Foundation/Http/Kernel.php(232): Illuminate\Foundation\Application->bootstrapWith()
#21 /home/ubuntu/workspace/cms/vendor/laravel/framework/src/Illuminate/Foundation/Http/Kernel.php(127): Illuminate\Foundation\Http\Kernel->bootstrap()
#22 /home/ubuntu/workspace/cms/vendor/laravel/framework/src/Illuminate/Foundation/Http/Kernel.php(99): Illuminate\Foundation\Http\Kernel->sendRequestThroughRouter()
#23 /home/ubuntu/workspace/cms/public/index.php(54): Illuminate\Foundation\Http\Kernel->handle()
#24 /home/ubuntu/workspace/cms/public/index.php(0): {main}()
#25 {main}  
